<?xml version="1.0" encoding="UTF-8"?>
<!-- Generated by org.testng.reporters.JUnitReportReporter -->
<testsuite hostname="DESKTOP-FUB097I" failures="0" tests="1" name="TestTraingle.NewTest" time="٠.٠١٥" errors="0" timestamp="٢٠٢٢-٠٥-٢٥T٢٢:٥٣:١٤ EEST" skipped="0">
  <testcase classname="TestTraingle.NewTest" name="testInvalid1" time="٠.٠١٥"/>
  <system-out/>
</testsuite> <!-- TestTraingle.NewTest -->
