<?xml version="1.0" encoding="UTF-8"?>
<!-- Generated by org.testng.reporters.JUnitReportReporter -->
<testsuite hostname="DESKTOP-FUB097I" failures="0" tests="13" name="TestTraingle.TraingleTestCases" time="٠.٠٦٠" errors="0" timestamp="٢٠٢٢-٠٥-٢٥T٢٣:٠٨:٥٨ EEST" skipped="0">
  <testcase classname="TestTraingle.TraingleTestCases" name="test13" time="٠.٠٠٣"/>
  <system-out/>
  <testcase classname="TestTraingle.TraingleTestCases" name="test3" time="٠.٠٠٢"/>
  <system-out/>
  <testcase classname="TestTraingle.TraingleTestCases" name="test8" time="٠.٠٠٣"/>
  <system-out/>
  <testcase classname="TestTraingle.TraingleTestCases" name="test2" time="٠.٠٠٢"/>
  <system-out/>
  <testcase classname="TestTraingle.TraingleTestCases" name="test1" time="٠.٠٢٩"/>
  <system-out/>
  <testcase classname="TestTraingle.TraingleTestCases" name="test6" time="٠.٠٠١"/>
  <system-out/>
  <testcase classname="TestTraingle.TraingleTestCases" name="test5" time="٠.٠٠١"/>
  <system-out/>
  <testcase classname="TestTraingle.TraingleTestCases" name="test10" time="٠.٠٠٢"/>
  <system-out/>
  <testcase classname="TestTraingle.TraingleTestCases" name="test12" time="٠.٠٠٢"/>
  <system-out/>
  <testcase classname="TestTraingle.TraingleTestCases" name="test11" time="٠.٠٠٦"/>
  <system-out/>
  <testcase classname="TestTraingle.TraingleTestCases" name="test4" time="٠.٠٠٤"/>
  <system-out/>
  <testcase classname="TestTraingle.TraingleTestCases" name="test7" time="٠.٠٠٢"/>
  <system-out/>
  <testcase classname="TestTraingle.TraingleTestCases" name="test9" time="٠.٠٠٣"/>
  <system-out/>
</testsuite> <!-- TestTraingle.TraingleTestCases -->
