<?xml version="1.0" encoding="UTF-8"?>
<!-- Generated by org.testng.reporters.JUnitReportReporter -->
<testsuite hostname="DESKTOP-FUB097I" failures="0" tests="1" name="Test.NewTest" time="٠.٠١٨" errors="0" timestamp="٢٠٢٢-٠٥-٢٥T٢١:١٠:٥٠ EEST" skipped="0">
  <testcase classname="Test.NewTest" name="f" time="٠.٠١٨"/>
  <system-out/>
</testsuite> <!-- Test.NewTest -->
