<?xml version="1.0" encoding="UTF-8"?>
<!-- Generated by org.testng.reporters.JUnitReportReporter -->
<testsuite hostname="DESKTOP-FUB097I" failures="0" tests="6" name="resultTestNG.Result_TestNG" time="٠.٠٤٠" errors="0" timestamp="٢٠٢٢-٠٥-٢٥T٢٣:٢٦:٠٨ EEST" skipped="0">
  <testcase classname="resultTestNG.Result_TestNG" name="test6" time="٠.٠٠٤"/>
  <system-out/>
  <testcase classname="resultTestNG.Result_TestNG" name="test3" time="٠.٠٠١"/>
  <system-out/>
  <testcase classname="resultTestNG.Result_TestNG" name="test4" time="٠.٠٠٨"/>
  <system-out/>
  <testcase classname="resultTestNG.Result_TestNG" name="test5" time="٠.٠٠٨"/>
  <system-out/>
  <testcase classname="resultTestNG.Result_TestNG" name="test1" time="٠.٠٠٩"/>
  <system-out/>
  <testcase classname="resultTestNG.Result_TestNG" name="test2" time="٠.٠١٠"/>
  <system-out/>
</testsuite> <!-- resultTestNG.Result_TestNG -->
