<?xml version="1.0" encoding="UTF-8"?>
<!-- Generated by org.testng.reporters.JUnitReportReporter -->
<testsuite hostname="DESKTOP-FUB097I" failures="0" tests="8" name="Replace.ReplaseSequenceTestGN" time="٠.٠٥٧" errors="0" timestamp="٢٠٢٢-٠٥-٢٥T٢٣:٣٨:٤٤ EEST" skipped="0">
  <testcase classname="Replace.ReplaseSequenceTestGN" name="test6" time="٠.٠٠٥"/>
  <system-out/>
  <testcase classname="Replace.ReplaseSequenceTestGN" name="test2" time="٠.٠٠٤"/>
  <system-out/>
  <testcase classname="Replace.ReplaseSequenceTestGN" name="test3" time="٠.٠٠٦"/>
  <system-out/>
  <testcase classname="Replace.ReplaseSequenceTestGN" name="test4" time="٠.٠١٨"/>
  <system-out/>
  <testcase classname="Replace.ReplaseSequenceTestGN" name="test8" time="٠.٠٠٢"/>
  <system-out/>
  <testcase classname="Replace.ReplaseSequenceTestGN" name="test5" time="٠.٠٠١"/>
  <system-out/>
  <testcase classname="Replace.ReplaseSequenceTestGN" name="test1" time="٠.٠١٨"/>
  <system-out/>
  <testcase classname="Replace.ReplaseSequenceTestGN" name="test7" time="٠.٠٠٣"/>
  <system-out/>
</testsuite> <!-- Replace.ReplaseSequenceTestGN -->
